# Bad spawns : 11/22/2005 1:02:09 PM
# Format: X Y Z F Name

1519	1621	10	Felucca	guard
5396	903	30	Trammel	orge
5389	894	30	Trammel	orge
5388	947	20	Trammel	orge
5392	960	15	Trammel	orge
5388	943	20	Trammel	orge
5442	963	15	Trammel	orge
399	1204	0	Trammel	felucca
366	1198	0	Trammel	felucca


# Bad spawns : 12/2/2005 1:07:05 PM
# Format: X Y Z F Name

1519	1621	10	Felucca	guard
5396	903	30	Trammel	orge
5389	894	30	Trammel	orge
5388	947	20	Trammel	orge
5392	960	15	Trammel	orge
5388	943	20	Trammel	orge
5442	963	15	Trammel	orge
399	1204	0	Trammel	felucca
366	1198	0	Trammel	felucca


# Bad spawns : 12/2/2005 1:11:41 PM
# Format: X Y Z F Name

1519	1621	10	Felucca	guard
5396	903	30	Trammel	orge
5389	894	30	Trammel	orge
5388	947	20	Trammel	orge
5392	960	15	Trammel	orge
5388	943	20	Trammel	orge
5442	963	15	Trammel	orge
399	1204	0	Trammel	felucca
366	1198	0	Trammel	felucca


# Bad spawns : 2/6/2006 11:05:36 AM
# Format: X Y Z F Name

1519	1621	10	Felucca	guard
5396	903	30	Trammel	orge
5389	894	30	Trammel	orge
5388	947	20	Trammel	orge
5392	960	15	Trammel	orge
5388	943	20	Trammel	orge
5442	963	15	Trammel	orge
399	1204	0	Trammel	felucca
366	1198	0	Trammel	felucca


# Bad spawns : 2/6/2006 11:11:07 AM
# Format: X Y Z F Name

1519	1621	10	Felucca	guard
5396	903	30	Trammel	orge
5389	894	30	Trammel	orge
5388	947	20	Trammel	orge
5392	960	15	Trammel	orge
5388	943	20	Trammel	orge
5442	963	15	Trammel	orge
399	1204	0	Trammel	felucca
366	1198	0	Trammel	felucca


# Bad spawns : 2/6/2006 11:13:02 AM
# Format: X Y Z F Name

1519	1621	10	Felucca	guard
5396	903	30	Trammel	orge
5389	894	30	Trammel	orge
5388	947	20	Trammel	orge
5392	960	15	Trammel	orge
5388	943	20	Trammel	orge
5442	963	15	Trammel	orge
399	1204	0	Trammel	felucca
366	1198	0	Trammel	felucca


# Bad spawns : 2/6/2006 11:14:17 AM
# Format: X Y Z F Name

1519	1621	10	Felucca	guard
5396	903	30	Trammel	orge
5389	894	30	Trammel	orge
5388	947	20	Trammel	orge
5392	960	15	Trammel	orge
5388	943	20	Trammel	orge
5442	963	15	Trammel	orge
399	1204	0	Trammel	felucca
366	1198	0	Trammel	felucca


# Bad spawns : 2/6/2006 12:47:03 PM
# Format: X Y Z F Name

1519	1621	10	Felucca	guard
5396	903	30	Trammel	orge
5389	894	30	Trammel	orge
5388	947	20	Trammel	orge
5392	960	15	Trammel	orge
5388	943	20	Trammel	orge
5442	963	15	Trammel	orge
399	1204	0	Trammel	felucca
366	1198	0	Trammel	felucca


# Bad spawns : 2/7/2006 9:45:56 AM
# Format: X Y Z F Name

1519	1621	10	Felucca	guard
5396	903	30	Trammel	orge
5389	894	30	Trammel	orge
5388	947	20	Trammel	orge
5392	960	15	Trammel	orge
5388	943	20	Trammel	orge
5442	963	15	Trammel	orge
399	1204	0	Trammel	felucca
366	1198	0	Trammel	felucca


# Bad spawns : 2/7/2006 11:37:29 AM
# Format: X Y Z F Name

1519	1621	10	Felucca	guard
5396	903	30	Trammel	orge
5389	894	30	Trammel	orge
5388	947	20	Trammel	orge
5392	960	15	Trammel	orge
5388	943	20	Trammel	orge
5442	963	15	Trammel	orge
399	1204	0	Trammel	felucca
366	1198	0	Trammel	felucca


# Bad spawns : 2/7/2006 12:08:19 PM
# Format: X Y Z F Name

1519	1621	10	Felucca	guard
5396	903	30	Trammel	orge
5389	894	30	Trammel	orge
5388	947	20	Trammel	orge
5392	960	15	Trammel	orge
5388	943	20	Trammel	orge
5442	963	15	Trammel	orge
399	1204	0	Trammel	felucca
366	1198	0	Trammel	felucca


# Bad spawns : 2/7/2006 12:15:58 PM
# Format: X Y Z F Name

1519	1621	10	Felucca	guard
5396	903	30	Trammel	orge
5389	894	30	Trammel	orge
5388	947	20	Trammel	orge
5392	960	15	Trammel	orge
5388	943	20	Trammel	orge
5442	963	15	Trammel	orge
399	1204	0	Trammel	felucca
366	1198	0	Trammel	felucca


# Bad spawns : 2/7/2006 1:29:24 PM
# Format: X Y Z F Name

1519	1621	10	Felucca	guard
5396	903	30	Trammel	orge
5389	894	30	Trammel	orge
5388	947	20	Trammel	orge
5392	960	15	Trammel	orge
5388	943	20	Trammel	orge
5442	963	15	Trammel	orge
399	1204	0	Trammel	felucca
366	1198	0	Trammel	felucca


# Bad spawns : 2/7/2006 1:38:59 PM
# Format: X Y Z F Name

1519	1621	10	Felucca	guard
5396	903	30	Trammel	orge
5389	894	30	Trammel	orge
5388	947	20	Trammel	orge
5392	960	15	Trammel	orge
5388	943	20	Trammel	orge
5442	963	15	Trammel	orge
399	1204	0	Trammel	felucca
366	1198	0	Trammel	felucca


# Bad spawns : 4/25/2006 10:19:37 AM
# Format: X Y Z F Name

1519	1621	10	Felucca	guard
5396	903	30	Trammel	orge
5389	894	30	Trammel	orge
5388	947	20	Trammel	orge
5392	960	15	Trammel	orge
5388	943	20	Trammel	orge
5442	963	15	Trammel	orge
399	1204	0	Trammel	felucca
366	1198	0	Trammel	felucca


# Bad spawns : 4/25/2006 10:28:34 AM
# Format: X Y Z F Name

1519	1621	10	Felucca	guard
5396	903	30	Trammel	orge
5389	894	30	Trammel	orge
5388	947	20	Trammel	orge
5392	960	15	Trammel	orge
5388	943	20	Trammel	orge
5442	963	15	Trammel	orge
399	1204	0	Trammel	felucca
366	1198	0	Trammel	felucca


# Bad spawns : 4/25/2006 10:33:43 AM
# Format: X Y Z F Name

1519	1621	10	Felucca	guard
5396	903	30	Trammel	orge
5389	894	30	Trammel	orge
5388	947	20	Trammel	orge
5392	960	15	Trammel	orge
5388	943	20	Trammel	orge
5442	963	15	Trammel	orge
399	1204	0	Trammel	felucca
366	1198	0	Trammel	felucca


# Bad spawns : 4/25/2006 11:10:02 AM
# Format: X Y Z F Name

1519	1621	10	Felucca	guard
5396	903	30	Trammel	orge
5389	894	30	Trammel	orge
5388	947	20	Trammel	orge
5392	960	15	Trammel	orge
5388	943	20	Trammel	orge
5442	963	15	Trammel	orge
399	1204	0	Trammel	felucca
366	1198	0	Trammel	felucca


# Bad spawns : 4/25/2006 1:07:49 PM
# Format: X Y Z F Name

1519	1621	10	Felucca	guard
5396	903	30	Trammel	orge
5389	894	30	Trammel	orge
5388	947	20	Trammel	orge
5392	960	15	Trammel	orge
5388	943	20	Trammel	orge
5442	963	15	Trammel	orge
399	1204	0	Trammel	felucca
366	1198	0	Trammel	felucca


# Bad spawns : 4/25/2006 1:22:20 PM
# Format: X Y Z F Name

1519	1621	10	Felucca	guard
5396	903	30	Trammel	orge
5389	894	30	Trammel	orge
5388	947	20	Trammel	orge
5392	960	15	Trammel	orge
5388	943	20	Trammel	orge
5442	963	15	Trammel	orge
399	1204	0	Trammel	felucca
366	1198	0	Trammel	felucca


# Bad spawns : 4/25/2006 1:27:16 PM
# Format: X Y Z F Name

1519	1621	10	Felucca	guard
5396	903	30	Trammel	orge
5389	894	30	Trammel	orge
5388	947	20	Trammel	orge
5392	960	15	Trammel	orge
5388	943	20	Trammel	orge
5442	963	15	Trammel	orge
399	1204	0	Trammel	felucca
366	1198	0	Trammel	felucca


# Bad spawns : 4/25/2006 1:32:03 PM
# Format: X Y Z F Name

1519	1621	10	Felucca	guard
5396	903	30	Trammel	orge
5389	894	30	Trammel	orge
5388	947	20	Trammel	orge
5392	960	15	Trammel	orge
5388	943	20	Trammel	orge
5442	963	15	Trammel	orge
399	1204	0	Trammel	felucca
366	1198	0	Trammel	felucca


# Bad spawns : 4/25/2006 1:44:57 PM
# Format: X Y Z F Name

1519	1621	10	Felucca	guard
5396	903	30	Trammel	orge
5389	894	30	Trammel	orge
5388	947	20	Trammel	orge
5392	960	15	Trammel	orge
5388	943	20	Trammel	orge
5442	963	15	Trammel	orge
399	1204	0	Trammel	felucca
366	1198	0	Trammel	felucca


# Bad spawns : 4/25/2006 1:50:45 PM
# Format: X Y Z F Name

1519	1621	10	Felucca	guard
5396	903	30	Trammel	orge
5389	894	30	Trammel	orge
5388	947	20	Trammel	orge
5392	960	15	Trammel	orge
5388	943	20	Trammel	orge
5442	963	15	Trammel	orge
399	1204	0	Trammel	felucca
366	1198	0	Trammel	felucca


# Bad spawns : 4/25/2006 1:54:19 PM
# Format: X Y Z F Name

1519	1621	10	Felucca	guard
5396	903	30	Trammel	orge
5389	894	30	Trammel	orge
5388	947	20	Trammel	orge
5392	960	15	Trammel	orge
5388	943	20	Trammel	orge
5442	963	15	Trammel	orge
399	1204	0	Trammel	felucca
366	1198	0	Trammel	felucca


# Bad spawns : 4/25/2006 1:59:39 PM
# Format: X Y Z F Name

1519	1621	10	Felucca	guard
5396	903	30	Trammel	orge
5389	894	30	Trammel	orge
5388	947	20	Trammel	orge
5392	960	15	Trammel	orge
5388	943	20	Trammel	orge
5442	963	15	Trammel	orge
399	1204	0	Trammel	felucca
366	1198	0	Trammel	felucca


# Bad spawns : 4/25/2006 2:02:04 PM
# Format: X Y Z F Name

1519	1621	10	Felucca	guard
5396	903	30	Trammel	orge
5389	894	30	Trammel	orge
5388	947	20	Trammel	orge
5392	960	15	Trammel	orge
5388	943	20	Trammel	orge
5442	963	15	Trammel	orge
399	1204	0	Trammel	felucca
366	1198	0	Trammel	felucca


# Bad spawns : 4/26/2006 4:45:04 PM
# Format: X Y Z F Name

1519	1621	10	Felucca	guard
5396	903	30	Trammel	orge
5389	894	30	Trammel	orge
5388	947	20	Trammel	orge
5392	960	15	Trammel	orge
5388	943	20	Trammel	orge
5442	963	15	Trammel	orge
399	1204	0	Trammel	felucca
366	1198	0	Trammel	felucca


# Bad spawns : 4/27/2006 7:39:33 AM
# Format: X Y Z F Name

1519	1621	10	Felucca	guard
5396	903	30	Trammel	orge
5389	894	30	Trammel	orge
5388	947	20	Trammel	orge
5392	960	15	Trammel	orge
5388	943	20	Trammel	orge
5442	963	15	Trammel	orge
399	1204	0	Trammel	felucca
366	1198	0	Trammel	felucca


# Bad spawns : 4/27/2006 10:44:21 AM
# Format: X Y Z F Name

1519	1621	10	Felucca	guard
5396	903	30	Trammel	orge
5389	894	30	Trammel	orge
5388	947	20	Trammel	orge
5392	960	15	Trammel	orge
5388	943	20	Trammel	orge
5442	963	15	Trammel	orge
399	1204	0	Trammel	felucca
366	1198	0	Trammel	felucca


# Bad spawns : 4/27/2006 11:35:33 AM
# Format: X Y Z F Name

1519	1621	10	Felucca	guard
5396	903	30	Trammel	orge
5389	894	30	Trammel	orge
5388	947	20	Trammel	orge
5392	960	15	Trammel	orge
5388	943	20	Trammel	orge
5442	963	15	Trammel	orge
399	1204	0	Trammel	felucca
366	1198	0	Trammel	felucca


# Bad spawns : 4/27/2006 1:56:15 PM
# Format: X Y Z F Name

1519	1621	10	Felucca	guard
5396	903	30	Trammel	orge
5389	894	30	Trammel	orge
5388	947	20	Trammel	orge
5392	960	15	Trammel	orge
5388	943	20	Trammel	orge
5442	963	15	Trammel	orge
399	1204	0	Trammel	felucca
366	1198	0	Trammel	felucca


# Bad spawns : 4/28/2006 7:57:24 AM
# Format: X Y Z F Name

1519	1621	10	Felucca	guard
5396	903	30	Trammel	orge
5389	894	30	Trammel	orge
5388	947	20	Trammel	orge
5392	960	15	Trammel	orge
5388	943	20	Trammel	orge
5442	963	15	Trammel	orge
399	1204	0	Trammel	felucca
366	1198	0	Trammel	felucca


# Bad spawns : 4/28/2006 10:12:07 AM
# Format: X Y Z F Name

1519	1621	10	Felucca	guard
5396	903	30	Trammel	orge
5389	894	30	Trammel	orge
5388	947	20	Trammel	orge
5392	960	15	Trammel	orge
5388	943	20	Trammel	orge
5442	963	15	Trammel	orge
399	1204	0	Trammel	felucca
366	1198	0	Trammel	felucca


# Bad spawns : 4/28/2006 11:25:32 AM
# Format: X Y Z F Name

1519	1621	10	Felucca	guard
5396	903	30	Trammel	orge
5389	894	30	Trammel	orge
5388	947	20	Trammel	orge
5392	960	15	Trammel	orge
5388	943	20	Trammel	orge
5442	963	15	Trammel	orge
399	1204	0	Trammel	felucca
366	1198	0	Trammel	felucca


# Bad spawns : 4/28/2006 6:34:00 PM
# Format: X Y Z F Name

1519	1621	10	Felucca	guard
5396	903	30	Trammel	orge
5389	894	30	Trammel	orge
5388	947	20	Trammel	orge
5392	960	15	Trammel	orge
5388	943	20	Trammel	orge
5442	963	15	Trammel	orge
399	1204	0	Trammel	felucca
366	1198	0	Trammel	felucca


# Bad spawns : 4/29/2006 1:16:29 AM
# Format: X Y Z F Name

1519	1621	10	Felucca	guard
5396	903	30	Trammel	orge
5389	894	30	Trammel	orge
5388	947	20	Trammel	orge
5392	960	15	Trammel	orge
5388	943	20	Trammel	orge
5442	963	15	Trammel	orge
399	1204	0	Trammel	felucca
366	1198	0	Trammel	felucca


# Bad spawns : 5/1/2006 10:16:21 AM
# Format: X Y Z F Name

1519	1621	10	Felucca	guard
5396	903	30	Trammel	orge
5389	894	30	Trammel	orge
5388	947	20	Trammel	orge
5392	960	15	Trammel	orge
5388	943	20	Trammel	orge
5442	963	15	Trammel	orge
399	1204	0	Trammel	felucca
366	1198	0	Trammel	felucca


# Bad spawns : 5/1/2006 11:07:17 AM
# Format: X Y Z F Name

1519	1621	10	Felucca	guard
5396	903	30	Trammel	orge
5389	894	30	Trammel	orge
5388	947	20	Trammel	orge
5392	960	15	Trammel	orge
5388	943	20	Trammel	orge
5442	963	15	Trammel	orge
399	1204	0	Trammel	felucca
366	1198	0	Trammel	felucca


# Bad spawns : 5/1/2006 2:13:01 PM
# Format: X Y Z F Name

1519	1621	10	Felucca	guard
5396	903	30	Trammel	orge
5389	894	30	Trammel	orge
5388	947	20	Trammel	orge
5392	960	15	Trammel	orge
5388	943	20	Trammel	orge
5442	963	15	Trammel	orge
399	1204	0	Trammel	felucca
366	1198	0	Trammel	felucca


# Bad spawns : 5/1/2006 2:22:31 PM
# Format: X Y Z F Name

1519	1621	10	Felucca	guard
5396	903	30	Trammel	orge
5389	894	30	Trammel	orge
5388	947	20	Trammel	orge
5392	960	15	Trammel	orge
5388	943	20	Trammel	orge
5442	963	15	Trammel	orge
399	1204	0	Trammel	felucca
366	1198	0	Trammel	felucca


# Bad spawns : 5/1/2006 2:36:01 PM
# Format: X Y Z F Name

1519	1621	10	Felucca	guard
5396	903	30	Trammel	orge
5389	894	30	Trammel	orge
5388	947	20	Trammel	orge
5392	960	15	Trammel	orge
5388	943	20	Trammel	orge
5442	963	15	Trammel	orge
399	1204	0	Trammel	felucca
366	1198	0	Trammel	felucca


# Bad spawns : 5/1/2006 10:00:46 PM
# Format: X Y Z F Name

1519	1621	10	Felucca	guard
5396	903	30	Trammel	orge
5389	894	30	Trammel	orge
5388	947	20	Trammel	orge
5392	960	15	Trammel	orge
5388	943	20	Trammel	orge
5442	963	15	Trammel	orge
399	1204	0	Trammel	felucca
366	1198	0	Trammel	felucca


# Bad spawns : 5/1/2006 10:27:51 PM
# Format: X Y Z F Name

1519	1621	10	Felucca	guard
5396	903	30	Trammel	orge
5389	894	30	Trammel	orge
5388	947	20	Trammel	orge
5392	960	15	Trammel	orge
5388	943	20	Trammel	orge
5442	963	15	Trammel	orge
399	1204	0	Trammel	felucca
366	1198	0	Trammel	felucca


# Bad spawns : 5/4/2006 12:20:54 AM
# Format: X Y Z F Name

1519	1621	10	Felucca	guard
5396	903	30	Trammel	orge
5389	894	30	Trammel	orge
5388	947	20	Trammel	orge
5392	960	15	Trammel	orge
5388	943	20	Trammel	orge
5442	963	15	Trammel	orge
399	1204	0	Trammel	felucca
366	1198	0	Trammel	felucca


# Bad spawns : 5/4/2006 1:17:04 AM
# Format: X Y Z F Name

1519	1621	10	Felucca	guard
5396	903	30	Trammel	orge
5389	894	30	Trammel	orge
5388	947	20	Trammel	orge
5392	960	15	Trammel	orge
5388	943	20	Trammel	orge
5442	963	15	Trammel	orge
399	1204	0	Trammel	felucca
366	1198	0	Trammel	felucca


# Bad spawns : 5/4/2006 2:02:51 PM
# Format: X Y Z F Name

1519	1621	10	Felucca	guard
5396	903	30	Trammel	orge
5389	894	30	Trammel	orge
5388	947	20	Trammel	orge
5392	960	15	Trammel	orge
5388	943	20	Trammel	orge
5442	963	15	Trammel	orge
399	1204	0	Trammel	felucca
366	1198	0	Trammel	felucca


# Bad spawns : 7/6/2006 3:39:12 PM
# Format: X Y Z F Name

1519	1621	10	Felucca	guard
5396	903	30	Trammel	orge
5389	894	30	Trammel	orge
5388	947	20	Trammel	orge
5392	960	15	Trammel	orge
5388	943	20	Trammel	orge
5442	963	15	Trammel	orge
399	1204	0	Trammel	felucca
366	1198	0	Trammel	felucca


# Bad spawns : 7/6/2006 4:00:51 PM
# Format: X Y Z F Name

1519	1621	10	Felucca	guard
5396	903	30	Trammel	orge
5389	894	30	Trammel	orge
5388	947	20	Trammel	orge
5392	960	15	Trammel	orge
5388	943	20	Trammel	orge
5442	963	15	Trammel	orge
399	1204	0	Trammel	felucca
366	1198	0	Trammel	felucca


# Bad spawns : 7/6/2006 4:13:29 PM
# Format: X Y Z F Name

1519	1621	10	Felucca	guard
5396	903	30	Trammel	orge
5389	894	30	Trammel	orge
5388	947	20	Trammel	orge
5392	960	15	Trammel	orge
5388	943	20	Trammel	orge
5442	963	15	Trammel	orge
399	1204	0	Trammel	felucca
366	1198	0	Trammel	felucca


# Bad spawns : 7/6/2006 4:58:30 PM
# Format: X Y Z F Name

1519	1621	10	Felucca	guard
5396	903	30	Trammel	orge
5389	894	30	Trammel	orge
5388	947	20	Trammel	orge
5392	960	15	Trammel	orge
5388	943	20	Trammel	orge
5442	963	15	Trammel	orge
399	1204	0	Trammel	felucca
366	1198	0	Trammel	felucca


# Bad spawns : 7/18/2006 1:09:42 AM
# Format: X Y Z F Name

1519	1621	10	Felucca	guard
5396	903	30	Trammel	orge
5389	894	30	Trammel	orge
5388	947	20	Trammel	orge
5392	960	15	Trammel	orge
5388	943	20	Trammel	orge
5442	963	15	Trammel	orge
399	1204	0	Trammel	felucca
366	1198	0	Trammel	felucca


# Bad spawns : 7/18/2006 2:37:20 PM
# Format: X Y Z F Name

1519	1621	10	Felucca	guard


# Bad spawns : 7/19/2006 3:35:51 PM
# Format: X Y Z F Name

1519	1621	10	Felucca	guard


# Bad spawns : 7/19/2006 3:39:08 PM
# Format: X Y Z F Name

1519	1621	10	Felucca	guard


# Bad spawns : 7/19/2006 4:00:07 PM
# Format: X Y Z F Name

1519	1621	10	Felucca	guard


# Bad spawns : 7/19/2006 4:16:43 PM
# Format: X Y Z F Name

1519	1621	10	Felucca	guard


# Bad spawns : 7/19/2006 4:30:07 PM
# Format: X Y Z F Name

1519	1621	10	Felucca	guard


# Bad spawns : 7/19/2006 4:51:07 PM
# Format: X Y Z F Name

1519	1621	10	Felucca	guard


# Bad spawns : 7/19/2006 4:57:18 PM
# Format: X Y Z F Name

1519	1621	10	Felucca	guard


# Bad spawns : 7/19/2006 6:44:38 PM
# Format: X Y Z F Name

1519	1621	10	Felucca	guard


# Bad spawns : 7/19/2006 8:27:51 PM
# Format: X Y Z F Name

1519	1621	10	Felucca	guard


# Bad spawns : 7/19/2006 8:40:07 PM
# Format: X Y Z F Name

1519	1621	10	Felucca	guard


# Bad spawns : 7/19/2006 10:53:47 PM
# Format: X Y Z F Name

1519	1621	10	Felucca	guard


# Bad spawns : 7/19/2006 11:33:19 PM
# Format: X Y Z F Name

1519	1621	10	Felucca	guard


# Bad spawns : 7/19/2006 11:40:49 PM
# Format: X Y Z F Name

1519	1621	10	Felucca	guard


# Bad spawns : 7/19/2006 11:43:42 PM
# Format: X Y Z F Name

1519	1621	10	Felucca	guard


# Bad spawns : 7/19/2006 11:44:59 PM
# Format: X Y Z F Name

1519	1621	10	Felucca	guard


# Bad spawns : 7/19/2006 11:46:53 PM
# Format: X Y Z F Name

1519	1621	10	Felucca	guard


# Bad spawns : 7/19/2006 11:48:29 PM
# Format: X Y Z F Name

1519	1621	10	Felucca	guard


# Bad spawns : 7/19/2006 11:49:56 PM
# Format: X Y Z F Name

1519	1621	10	Felucca	guard


# Bad spawns : 7/20/2006 12:06:22 AM
# Format: X Y Z F Name

1519	1621	10	Felucca	guard


# Bad spawns : 7/20/2006 12:30:37 AM
# Format: X Y Z F Name

1519	1621	10	Felucca	guard


# Bad spawns : 7/20/2006 1:00:05 AM
# Format: X Y Z F Name

1519	1621	10	Felucca	guard


# Bad spawns : 7/20/2006 1:24:50 AM
# Format: X Y Z F Name

1519	1621	10	Felucca	guard


# Bad spawns : 7/20/2006 3:59:07 AM
# Format: X Y Z F Name

1519	1621	10	Felucca	guard


# Bad spawns : 7/20/2006 6:06:22 AM
# Format: X Y Z F Name

1519	1621	10	Felucca	guard


# Bad spawns : 7/20/2006 2:35:50 PM
# Format: X Y Z F Name

1519	1621	10	Felucca	guard


# Bad spawns : 7/20/2006 3:34:48 PM
# Format: X Y Z F Name

1519	1621	10	Felucca	guard


# Bad spawns : 7/20/2006 5:19:58 PM
# Format: X Y Z F Name

1519	1621	10	Felucca	guard


# Bad spawns : 7/20/2006 5:26:40 PM
# Format: X Y Z F Name

1519	1621	10	Felucca	guard


# Bad spawns : 7/20/2006 5:34:48 PM
# Format: X Y Z F Name

1519	1621	10	Felucca	guard


# Bad spawns : 7/20/2006 5:40:13 PM
# Format: X Y Z F Name

1519	1621	10	Felucca	guard


# Bad spawns : 7/20/2006 5:44:50 PM
# Format: X Y Z F Name

1519	1621	10	Felucca	guard


# Bad spawns : 7/20/2006 8:36:01 PM
# Format: X Y Z F Name

1519	1621	10	Felucca	guard


# Bad spawns : 7/20/2006 8:48:23 PM
# Format: X Y Z F Name

1519	1621	10	Felucca	guard


# Bad spawns : 7/20/2006 9:04:48 PM
# Format: X Y Z F Name

1519	1621	10	Felucca	guard


# Bad spawns : 7/21/2006 1:16:10 AM
# Format: X Y Z F Name

1519	1621	10	Felucca	guard


# Bad spawns : 7/22/2006 5:21:12 PM
# Format: X Y Z F Name

1519	1621	10	Felucca	guard


# Bad spawns : 7/22/2006 9:27:59 PM
# Format: X Y Z F Name

1519	1621	10	Felucca	guard


# Bad spawns : 7/23/2006 8:48:47 PM
# Format: X Y Z F Name

1519	1621	10	Felucca	guard


# Bad spawns : 7/24/2006 3:33:51 AM
# Format: X Y Z F Name

1519	1621	10	Felucca	guard


# Bad spawns : 7/30/2006 9:05:00 PM
# Format: X Y Z F Name

1519	1621	10	Felucca	guard


# Bad spawns : 7/30/2006 9:42:44 PM
# Format: X Y Z F Name

1519	1621	10	Felucca	guard


# Bad spawns : 8/28/2006 8:50:29 AM
# Format: X Y Z F Name

1519	1621	10	Felucca	guard


# Bad spawns : 8/28/2006 8:58:27 AM
# Format: X Y Z F Name

1519	1621	10	Felucca	guard


# Bad spawns : 8/28/2006 9:44:15 AM
# Format: X Y Z F Name

1519	1621	10	Felucca	guard


# Bad spawns : 8/28/2006 9:50:14 AM
# Format: X Y Z F Name

1519	1621	10	Felucca	guard


# Bad spawns : 8/28/2006 12:43:05 PM
# Format: X Y Z F Name

1519	1621	10	Felucca	guard


# Bad spawns : 9/14/2006 10:43:32 AM
# Format: X Y Z F Name

1519	1621	10	Felucca	guard


# Bad spawns : 6/10/2007 4:13:03 PM
# Format: X Y Z F Name

1701	795	86	Ilshenar	healerguild


# Bad spawns : 6/10/2007 4:20:17 PM
# Format: X Y Z F Name

1701	795	86	Ilshenar	healerguild


# Bad spawns : 6/10/2007 4:46:57 PM
# Format: X Y Z F Name

1701	795	86	Ilshenar	healerguild


# Bad spawns : 6/10/2007 5:09:11 PM
# Format: X Y Z F Name

1701	795	86	Ilshenar	healerguild


# Bad spawns : 6/10/2007 5:44:03 PM
# Format: X Y Z F Name

1701	795	86	Ilshenar	healerguild


# Bad spawns : 6/10/2007 8:22:42 PM
# Format: X Y Z F Name

1701	795	86	Ilshenar	healerguild


# Bad spawns : 6/11/2007 12:02:00 AM
# Format: X Y Z F Name

1701	795	86	Ilshenar	healerguild


# Bad spawns : 6/11/2007 12:09:12 AM
# Format: X Y Z F Name

1701	795	86	Ilshenar	healerguild


# Bad spawns : 6/11/2007 12:58:21 AM
# Format: X Y Z F Name

1701	795	86	Ilshenar	healerguild


# Bad spawns : 6/11/2007 1:03:41 AM
# Format: X Y Z F Name

1701	795	86	Ilshenar	healerguild


# Bad spawns : 6/11/2007 1:15:56 AM
# Format: X Y Z F Name

1701	795	86	Ilshenar	healerguild


# Bad spawns : 6/11/2007 1:18:02 AM
# Format: X Y Z F Name

1701	795	86	Ilshenar	healerguild


# Bad spawns : 6/11/2007 1:01:44 PM
# Format: X Y Z F Name

1701	795	86	Ilshenar	healerguild


# Bad spawns : 6/11/2007 2:22:21 PM
# Format: X Y Z F Name

1701	795	86	Ilshenar	healerguild


# Bad spawns : 6/11/2007 2:33:08 PM
# Format: X Y Z F Name

1701	795	86	Ilshenar	healerguild


# Bad spawns : 6/11/2007 5:09:47 PM
# Format: X Y Z F Name

1701	795	86	Ilshenar	healerguild


# Bad spawns : 6/11/2007 5:47:11 PM
# Format: X Y Z F Name

1701	795	86	Ilshenar	healerguild


# Bad spawns : 6/11/2007 5:48:55 PM
# Format: X Y Z F Name

1701	795	86	Ilshenar	healerguild


# Bad spawns : 6/11/2007 6:17:31 PM
# Format: X Y Z F Name

1701	795	86	Ilshenar	healerguild


# Bad spawns : 6/11/2007 6:46:38 PM
# Format: X Y Z F Name

1701	795	86	Ilshenar	healerguild


# Bad spawns : 6/11/2007 6:49:22 PM
# Format: X Y Z F Name

1701	795	86	Ilshenar	healerguild


# Bad spawns : 6/11/2007 7:37:35 PM
# Format: X Y Z F Name

1701	795	86	Ilshenar	healerguild


# Bad spawns : 6/11/2007 7:41:39 PM
# Format: X Y Z F Name

1701	795	86	Ilshenar	healerguild


# Bad spawns : 6/11/2007 8:00:36 PM
# Format: X Y Z F Name

1701	795	86	Ilshenar	healerguild


# Bad spawns : 6/11/2007 8:22:48 PM
# Format: X Y Z F Name

1701	795	86	Ilshenar	healerguild


# Bad spawns : 6/11/2007 9:50:19 PM
# Format: X Y Z F Name

1701	795	86	Ilshenar	healerguild


# Bad spawns : 6/11/2007 10:20:13 PM
# Format: X Y Z F Name

1701	795	86	Ilshenar	healerguild


# Bad spawns : 6/12/2007 1:15:40 AM
# Format: X Y Z F Name

1701	795	86	Ilshenar	healerguild


# Bad spawns : 6/13/2007 1:15:38 AM
# Format: X Y Z F Name

1701	795	86	Ilshenar	healerguild


# Bad spawns : 8/1/2007 11:46:50 PM
# Format: X Y Z F Name

1701	795	86	Ilshenar	healerguild


# Bad spawns : 8/2/2007 1:16:10 AM
# Format: X Y Z F Name

1701	795	86	Ilshenar	healerguild


# Bad spawns : 10/16/2007 1:13:15 AM
# Format: X Y Z F Name

1701	795	86	Ilshenar	healerguild


# Bad spawns : 10/19/2007 9:48:13 PM
# Format: X Y Z F Name

1701	795	86	Ilshenar	healerguild


# Bad spawns : 11/27/2007 7:51:15 PM
# Format: X Y Z F Name

1701	795	86	Ilshenar	healerguild


# Bad spawns : 11/27/2007 7:55:32 PM
# Format: X Y Z F Name

1701	795	86	Ilshenar	healerguild


# Bad spawns : 12/2/2007 11:52:53 AM
# Format: X Y Z F Name

1701	795	86	Ilshenar	healerguild


# Bad spawns : 1/19/2008 5:25:32 AM
# Format: X Y Z F Name

1701	795	86	Ilshenar	healerguild


